<?xml version="1.0" encoding="UTF-8"?>
<testsuite name="Koine::Csv::CsvParserTest" skipped="0" failures="0" errors="0" tests="1" assertions="1" time="0.0003266319999966072">
  <testcase name="test_can_be_initiaized" classname="Koine::Csv::CsvParserTest" assertions="1" time="0.0003266319999966072">
  </testcase>
</testsuite>
